<?xml version="1.0" encoding="UTF-8"?>
<testsuite xmlns:xsi="http://www.w3.org/2001/XMLSchema-instance" xsi:noNamespaceSchemaLocation="https://maven.apache.org/surefire/maven-surefire-plugin/xsd/surefire-test-report-3.0.xsd" version="3.0" name="com.pedrohk.Dungeon_Game_Java.DungeonGameSolverTest" time="0.078" tests="8" errors="0" skipped="0" failures="0">
  <properties>
    <property name="java.specification.version" value="23"/>
    <property name="sun.cpu.isalist" value="amd64"/>
    <property name="sun.jnu.encoding" value="Cp1252"/>
    <property name="java.class.path" value="C:\Users\Pedro\IdeaProjects\Dungeon-Game-Java\target\test-classes;C:\Users\Pedro\IdeaProjects\Dungeon-Game-Java\target\classes;C:\Users\Pedro\.m2\repository\org\springframework\boot\spring-boot-starter-web\3.2.3\spring-boot-starter-web-3.2.3.jar;C:\Users\Pedro\.m2\repository\org\springframework\boot\spring-boot-starter\3.2.3\spring-boot-starter-3.2.3.jar;C:\Users\Pedro\.m2\repository\org\springframework\boot\spring-boot\3.2.3\spring-boot-3.2.3.jar;C:\Users\Pedro\.m2\repository\org\springframework\boot\spring-boot-autoconfigure\3.2.3\spring-boot-autoconfigure-3.2.3.jar;C:\Users\Pedro\.m2\repository\org\springframework\boot\spring-boot-starter-logging\3.2.3\spring-boot-starter-logging-3.2.3.jar;C:\Users\Pedro\.m2\repository\org\apache\logging\log4j\log4j-to-slf4j\2.21.1\log4j-to-slf4j-2.21.1.jar;C:\Users\Pedro\.m2\repository\org\apache\logging\log4j\log4j-api\2.21.1\log4j-api-2.21.1.jar;C:\Users\Pedro\.m2\repository\org\slf4j\jul-to-slf4j\2.0.12\jul-to-slf4j-2.0.12.jar;C:\Users\Pedro\.m2\repository\jakarta\annotation\jakarta.annotation-api\2.1.1\jakarta.annotation-api-2.1.1.jar;C:\Users\Pedro\.m2\repository\org\yaml\snakeyaml\2.2\snakeyaml-2.2.jar;C:\Users\Pedro\.m2\repository\org\springframework\boot\spring-boot-starter-json\3.2.3\spring-boot-starter-json-3.2.3.jar;C:\Users\Pedro\.m2\repository\com\fasterxml\jackson\datatype\jackson-datatype-jdk8\2.15.4\jackson-datatype-jdk8-2.15.4.jar;C:\Users\Pedro\.m2\repository\com\fasterxml\jackson\datatype\jackson-datatype-jsr310\2.15.4\jackson-datatype-jsr310-2.15.4.jar;C:\Users\Pedro\.m2\repository\com\fasterxml\jackson\module\jackson-module-parameter-names\2.15.4\jackson-module-parameter-names-2.15.4.jar;C:\Users\Pedro\.m2\repository\org\springframework\boot\spring-boot-starter-tomcat\3.2.3\spring-boot-starter-tomcat-3.2.3.jar;C:\Users\Pedro\.m2\repository\org\apache\tomcat\embed\tomcat-embed-core\10.1.19\tomcat-embed-core-10.1.19.jar;C:\Users\Pedro\.m2\repository\org\apache\tomcat\embed\tomcat-embed-el\10.1.19\tomcat-embed-el-10.1.19.jar;C:\Users\Pedro\.m2\repository\org\apache\tomcat\embed\tomcat-embed-websocket\10.1.19\tomcat-embed-websocket-10.1.19.jar;C:\Users\Pedro\.m2\repository\org\springframework\spring-web\6.1.4\spring-web-6.1.4.jar;C:\Users\Pedro\.m2\repository\org\springframework\spring-beans\6.1.4\spring-beans-6.1.4.jar;C:\Users\Pedro\.m2\repository\io\micrometer\micrometer-observation\1.12.3\micrometer-observation-1.12.3.jar;C:\Users\Pedro\.m2\repository\io\micrometer\micrometer-commons\1.12.3\micrometer-commons-1.12.3.jar;C:\Users\Pedro\.m2\repository\org\springframework\spring-webmvc\6.1.4\spring-webmvc-6.1.4.jar;C:\Users\Pedro\.m2\repository\org\springframework\spring-aop\6.1.4\spring-aop-6.1.4.jar;C:\Users\Pedro\.m2\repository\org\springframework\spring-context\6.1.4\spring-context-6.1.4.jar;C:\Users\Pedro\.m2\repository\org\springframework\spring-expression\6.1.4\spring-expression-6.1.4.jar;C:\Users\Pedro\.m2\repository\org\springframework\boot\spring-boot-starter-data-jpa\3.2.3\spring-boot-starter-data-jpa-3.2.3.jar;C:\Users\Pedro\.m2\repository\org\springframework\boot\spring-boot-starter-aop\3.2.3\spring-boot-starter-aop-3.2.3.jar;C:\Users\Pedro\.m2\repository\org\aspectj\aspectjweaver\1.9.21\aspectjweaver-1.9.21.jar;C:\Users\Pedro\.m2\repository\org\springframework\boot\spring-boot-starter-jdbc\3.2.3\spring-boot-starter-jdbc-3.2.3.jar;C:\Users\Pedro\.m2\repository\com\zaxxer\HikariCP\5.0.1\HikariCP-5.0.1.jar;C:\Users\Pedro\.m2\repository\org\springframework\spring-jdbc\6.1.4\spring-jdbc-6.1.4.jar;C:\Users\Pedro\.m2\repository\org\hibernate\orm\hibernate-core\6.4.4.Final\hibernate-core-6.4.4.Final.jar;C:\Users\Pedro\.m2\repository\jakarta\persistence\jakarta.persistence-api\3.1.0\jakarta.persistence-api-3.1.0.jar;C:\Users\Pedro\.m2\repository\jakarta\transaction\jakarta.transaction-api\2.0.1\jakarta.transaction-api-2.0.1.jar;C:\Users\Pedro\.m2\repository\org\jboss\logging\jboss-logging\3.5.3.Final\jboss-logging-3.5.3.Final.jar;C:\Users\Pedro\.m2\repository\org\hibernate\common\hibernate-commons-annotations\6.0.6.Final\hibernate-commons-annotations-6.0.6.Final.jar;C:\Users\Pedro\.m2\repository\io\smallrye\jandex\3.1.2\jandex-3.1.2.jar;C:\Users\Pedro\.m2\repository\com\fasterxml\classmate\1.6.0\classmate-1.6.0.jar;C:\Users\Pedro\.m2\repository\net\bytebuddy\byte-buddy\1.14.12\byte-buddy-1.14.12.jar;C:\Users\Pedro\.m2\repository\org\glassfish\jaxb\jaxb-runtime\4.0.4\jaxb-runtime-4.0.4.jar;C:\Users\Pedro\.m2\repository\org\glassfish\jaxb\jaxb-core\4.0.4\jaxb-core-4.0.4.jar;C:\Users\Pedro\.m2\repository\org\eclipse\angus\angus-activation\2.0.1\angus-activation-2.0.1.jar;C:\Users\Pedro\.m2\repository\org\glassfish\jaxb\txw2\4.0.4\txw2-4.0.4.jar;C:\Users\Pedro\.m2\repository\com\sun\istack\istack-commons-runtime\4.1.2\istack-commons-runtime-4.1.2.jar;C:\Users\Pedro\.m2\repository\jakarta\inject\jakarta.inject-api\2.0.1\jakarta.inject-api-2.0.1.jar;C:\Users\Pedro\.m2\repository\org\antlr\antlr4-runtime\4.13.0\antlr4-runtime-4.13.0.jar;C:\Users\Pedro\.m2\repository\org\springframework\data\spring-data-jpa\3.2.3\spring-data-jpa-3.2.3.jar;C:\Users\Pedro\.m2\repository\org\springframework\data\spring-data-commons\3.2.3\spring-data-commons-3.2.3.jar;C:\Users\Pedro\.m2\repository\org\springframework\spring-orm\6.1.4\spring-orm-6.1.4.jar;C:\Users\Pedro\.m2\repository\org\springframework\spring-tx\6.1.4\spring-tx-6.1.4.jar;C:\Users\Pedro\.m2\repository\org\slf4j\slf4j-api\2.0.12\slf4j-api-2.0.12.jar;C:\Users\Pedro\.m2\repository\org\springframework\spring-aspects\6.1.4\spring-aspects-6.1.4.jar;C:\Users\Pedro\.m2\repository\org\postgresql\postgresql\42.7.3\postgresql-42.7.3.jar;C:\Users\Pedro\.m2\repository\org\checkerframework\checker-qual\3.42.0\checker-qual-3.42.0.jar;C:\Users\Pedro\.m2\repository\org\projectlombok\lombok\1.18.30\lombok-1.18.30.jar;C:\Users\Pedro\.m2\repository\org\springframework\boot\spring-boot-starter-test\3.2.3\spring-boot-starter-test-3.2.3.jar;C:\Users\Pedro\.m2\repository\org\springframework\boot\spring-boot-test\3.2.3\spring-boot-test-3.2.3.jar;C:\Users\Pedro\.m2\repository\org\springframework\boot\spring-boot-test-autoconfigure\3.2.3\spring-boot-test-autoconfigure-3.2.3.jar;C:\Users\Pedro\.m2\repository\com\jayway\jsonpath\json-path\2.9.0\json-path-2.9.0.jar;C:\Users\Pedro\.m2\repository\jakarta\xml\bind\jakarta.xml.bind-api\4.0.1\jakarta.xml.bind-api-4.0.1.jar;C:\Users\Pedro\.m2\repository\jakarta\activation\jakarta.activation-api\2.1.2\jakarta.activation-api-2.1.2.jar;C:\Users\Pedro\.m2\repository\net\minidev\json-smart\2.5.0\json-smart-2.5.0.jar;C:\Users\Pedro\.m2\repository\net\minidev\accessors-smart\2.5.0\accessors-smart-2.5.0.jar;C:\Users\Pedro\.m2\repository\org\ow2\asm\asm\9.3\asm-9.3.jar;C:\Users\Pedro\.m2\repository\org\assertj\assertj-core\3.24.2\assertj-core-3.24.2.jar;C:\Users\Pedro\.m2\repository\org\awaitility\awaitility\4.2.0\awaitility-4.2.0.jar;C:\Users\Pedro\.m2\repository\org\hamcrest\hamcrest\2.2\hamcrest-2.2.jar;C:\Users\Pedro\.m2\repository\org\junit\jupiter\junit-jupiter\5.10.2\junit-jupiter-5.10.2.jar;C:\Users\Pedro\.m2\repository\org\junit\jupiter\junit-jupiter-api\5.10.2\junit-jupiter-api-5.10.2.jar;C:\Users\Pedro\.m2\repository\org\opentest4j\opentest4j\1.3.0\opentest4j-1.3.0.jar;C:\Users\Pedro\.m2\repository\org\junit\platform\junit-platform-commons\1.10.2\junit-platform-commons-1.10.2.jar;C:\Users\Pedro\.m2\repository\org\apiguardian\apiguardian-api\1.1.2\apiguardian-api-1.1.2.jar;C:\Users\Pedro\.m2\repository\org\junit\jupiter\junit-jupiter-params\5.10.2\junit-jupiter-params-5.10.2.jar;C:\Users\Pedro\.m2\repository\org\junit\jupiter\junit-jupiter-engine\5.10.2\junit-jupiter-engine-5.10.2.jar;C:\Users\Pedro\.m2\repository\org\junit\platform\junit-platform-engine\1.10.2\junit-platform-engine-1.10.2.jar;C:\Users\Pedro\.m2\repository\org\mockito\mockito-core\5.7.0\mockito-core-5.7.0.jar;C:\Users\Pedro\.m2\repository\net\bytebuddy\byte-buddy-agent\1.14.12\byte-buddy-agent-1.14.12.jar;C:\Users\Pedro\.m2\repository\org\objenesis\objenesis\3.3\objenesis-3.3.jar;C:\Users\Pedro\.m2\repository\org\mockito\mockito-junit-jupiter\5.7.0\mockito-junit-jupiter-5.7.0.jar;C:\Users\Pedro\.m2\repository\org\skyscreamer\jsonassert\1.5.1\jsonassert-1.5.1.jar;C:\Users\Pedro\.m2\repository\com\vaadin\external\google\android-json\0.0.20131108.vaadin1\android-json-0.0.20131108.vaadin1.jar;C:\Users\Pedro\.m2\repository\org\springframework\spring-core\6.1.4\spring-core-6.1.4.jar;C:\Users\Pedro\.m2\repository\org\springframework\spring-jcl\6.1.4\spring-jcl-6.1.4.jar;C:\Users\Pedro\.m2\repository\org\springframework\spring-test\6.1.4\spring-test-6.1.4.jar;C:\Users\Pedro\.m2\repository\org\xmlunit\xmlunit-core\2.9.1\xmlunit-core-2.9.1.jar;C:\Users\Pedro\.m2\repository\com\fasterxml\jackson\core\jackson-databind\2.15.4\jackson-databind-2.15.4.jar;C:\Users\Pedro\.m2\repository\com\fasterxml\jackson\core\jackson-annotations\2.15.4\jackson-annotations-2.15.4.jar;C:\Users\Pedro\.m2\repository\com\fasterxml\jackson\core\jackson-core\2.15.4\jackson-core-2.15.4.jar;C:\Users\Pedro\.m2\repository\io\gatling\gatling-core\3.9.5\gatling-core-3.9.5.jar;C:\Users\Pedro\.m2\repository\org\scala-lang\scala-library\2.13.10\scala-library-2.13.10.jar;C:\Users\Pedro\.m2\repository\io\gatling\gatling-netty-util\3.9.5\gatling-netty-util-3.9.5.jar;C:\Users\Pedro\.m2\repository\io\gatling\gatling-jdk-util\3.9.5\gatling-jdk-util-3.9.5.jar;C:\Users\Pedro\.m2\repository\io\netty\netty-buffer\4.1.107.Final\netty-buffer-4.1.107.Final.jar;C:\Users\Pedro\.m2\repository\io\netty\netty-transport-native-epoll\4.1.107.Final\netty-transport-native-epoll-4.1.107.Final-linux-x86_64.jar;C:\Users\Pedro\.m2\repository\io\netty\netty-transport-classes-epoll\4.1.107.Final\netty-transport-classes-epoll-4.1.107.Final.jar;C:\Users\Pedro\.m2\repository\io\netty\netty-transport-native-epoll\4.1.107.Final\netty-transport-native-epoll-4.1.107.Final-linux-aarch_64.jar;C:\Users\Pedro\.m2\repository\io\netty\incubator\netty-incubator-transport-native-io_uring\0.0.21.Final\netty-incubator-transport-native-io_uring-0.0.21.Final-linux-x86_64.jar;C:\Users\Pedro\.m2\repository\io\netty\incubator\netty-incubator-transport-classes-io_uring\0.0.21.Final\netty-incubator-transport-classes-io_uring-0.0.21.Final.jar;C:\Users\Pedro\.m2\repository\io\netty\incubator\netty-incubator-transport-native-io_uring\0.0.21.Final\netty-incubator-transport-native-io_uring-0.0.21.Final-linux-aarch_64.jar;C:\Users\Pedro\.m2\repository\io\gatling\gatling-commons\3.9.5\gatling-commons-3.9.5.jar;C:\Users\Pedro\.m2\repository\io\gatling\gatling-commons-shared\3.9.5\gatling-commons-shared-3.9.5.jar;C:\Users\Pedro\.m2\repository\org\scala-lang\scala-reflect\2.13.10\scala-reflect-2.13.10.jar;C:\Users\Pedro\.m2\repository\io\suzaku\boopickle_2.13\1.3.3\boopickle_2.13-1.3.3.jar;C:\Users\Pedro\.m2\repository\io\gatling\gatling-commons-shared-unstable\3.9.5\gatling-commons-shared-unstable-3.9.5.jar;C:\Users\Pedro\.m2\repository\com\typesafe\config\1.4.2\config-1.4.2.jar;C:\Users\Pedro\.m2\repository\org\typelevel\spire-macros_2.13\0.17.0\spire-macros_2.13-0.17.0.jar;C:\Users\Pedro\.m2\repository\com\typesafe\scala-logging\scala-logging_2.13\3.9.5\scala-logging_2.13-3.9.5.jar;C:\Users\Pedro\.m2\repository\ch\qos\logback\logback-classic\1.4.14\logback-classic-1.4.14.jar;C:\Users\Pedro\.m2\repository\ch\qos\logback\logback-core\1.4.14\logback-core-1.4.14.jar;C:\Users\Pedro\.m2\repository\io\gatling\gatling-jsonpath\3.9.5\gatling-jsonpath-3.9.5.jar;C:\Users\Pedro\.m2\repository\com\typesafe\akka\akka-actor_2.13\2.6.20\akka-actor_2.13-2.6.20.jar;C:\Users\Pedro\.m2\repository\org\scala-lang\modules\scala-java8-compat_2.13\1.0.0\scala-java8-compat_2.13-1.0.0.jar;C:\Users\Pedro\.m2\repository\com\typesafe\akka\akka-slf4j_2.13\2.6.20\akka-slf4j_2.13-2.6.20.jar;C:\Users\Pedro\.m2\repository\org\simpleflatmapper\lightning-csv\8.2.3\lightning-csv-8.2.3.jar;C:\Users\Pedro\.m2\repository\org\simpleflatmapper\sfm-util\8.2.3\sfm-util-8.2.3.jar;C:\Users\Pedro\.m2\repository\com\github\ben-manes\caffeine\caffeine\3.1.8\caffeine-3.1.8.jar;C:\Users\Pedro\.m2\repository\com\google\errorprone\error_prone_annotations\2.21.1\error_prone_annotations-2.21.1.jar;C:\Users\Pedro\.m2\repository\io\pebbletemplates\pebble\3.2.1\pebble-3.2.1.jar;C:\Users\Pedro\.m2\repository\org\unbescape\unbescape\1.1.6.RELEASE\unbescape-1.1.6.RELEASE.jar;C:\Users\Pedro\.m2\repository\org\scala-lang\modules\scala-parser-combinators_2.13\2.3.0\scala-parser-combinators_2.13-2.3.0.jar;C:\Users\Pedro\.m2\repository\com\github\scopt\scopt_2.13\3.7.1\scopt_2.13-3.7.1.jar;C:\Users\Pedro\.m2\repository\io\netty\netty-handler\4.1.107.Final\netty-handler-4.1.107.Final.jar;C:\Users\Pedro\.m2\repository\io\netty\netty-common\4.1.107.Final\netty-common-4.1.107.Final.jar;C:\Users\Pedro\.m2\repository\io\netty\netty-resolver\4.1.107.Final\netty-resolver-4.1.107.Final.jar;C:\Users\Pedro\.m2\repository\io\netty\netty-transport\4.1.107.Final\netty-transport-4.1.107.Final.jar;C:\Users\Pedro\.m2\repository\io\netty\netty-transport-native-unix-common\4.1.107.Final\netty-transport-native-unix-common-4.1.107.Final.jar;C:\Users\Pedro\.m2\repository\io\netty\netty-codec\4.1.107.Final\netty-codec-4.1.107.Final.jar;C:\Users\Pedro\.m2\repository\io\netty\netty-tcnative-classes\2.0.61.Final\netty-tcnative-classes-2.0.61.Final.jar;C:\Users\Pedro\.m2\repository\com\softwaremill\quicklens\quicklens_2.13\1.9.3\quicklens_2.13-1.9.3.jar;C:\Users\Pedro\.m2\repository\net\sf\saxon\Saxon-HE\10.6\Saxon-HE-10.6.jar;C:\Users\Pedro\.m2\repository\org\jodd\jodd-lagarto\6.0.6\jodd-lagarto-6.0.6.jar;C:\Users\Pedro\.m2\repository\org\jodd\jodd-util\6.1.0\jodd-util-6.1.0.jar;C:\Users\Pedro\.m2\repository\io\burt\jmespath-jackson\0.5.1\jmespath-jackson-0.5.1.jar;C:\Users\Pedro\.m2\repository\io\burt\jmespath-core\0.5.1\jmespath-core-0.5.1.jar;C:\Users\Pedro\.m2\repository\io\gatling\gatling-http\3.9.5\gatling-http-3.9.5.jar;C:\Users\Pedro\.m2\repository\io\gatling\gatling-http-client\3.9.5\gatling-http-client-3.9.5.jar;C:\Users\Pedro\.m2\repository\io\netty\netty-codec-http\4.1.107.Final\netty-codec-http-4.1.107.Final.jar;C:\Users\Pedro\.m2\repository\io\netty\netty-handler-proxy\4.1.107.Final\netty-handler-proxy-4.1.107.Final.jar;C:\Users\Pedro\.m2\repository\io\netty\netty-codec-socks\4.1.107.Final\netty-codec-socks-4.1.107.Final.jar;C:\Users\Pedro\.m2\repository\io\netty\netty-resolver-dns\4.1.107.Final\netty-resolver-dns-4.1.107.Final.jar;C:\Users\Pedro\.m2\repository\io\netty\netty-codec-dns\4.1.107.Final\netty-codec-dns-4.1.107.Final.jar;C:\Users\Pedro\.m2\repository\io\netty\netty-codec-http2\4.1.107.Final\netty-codec-http2-4.1.107.Final.jar;C:\Users\Pedro\.m2\repository\io\netty\netty-resolver-dns-native-macos\4.1.107.Final\netty-resolver-dns-native-macos-4.1.107.Final-osx-x86_64.jar;C:\Users\Pedro\.m2\repository\io\netty\netty-resolver-dns-classes-macos\4.1.107.Final\netty-resolver-dns-classes-macos-4.1.107.Final.jar;C:\Users\Pedro\.m2\repository\io\netty\netty-resolver-dns-native-macos\4.1.107.Final\netty-resolver-dns-native-macos-4.1.107.Final-osx-aarch_64.jar;C:\Users\Pedro\.m2\repository\io\netty\netty-tcnative-boringssl-static\2.0.61.Final\netty-tcnative-boringssl-static-2.0.61.Final.jar;C:\Users\Pedro\.m2\repository\io\netty\netty-tcnative-boringssl-static\2.0.61.Final\netty-tcnative-boringssl-static-2.0.61.Final-linux-x86_64.jar;C:\Users\Pedro\.m2\repository\io\netty\netty-tcnative-boringssl-static\2.0.61.Final\netty-tcnative-boringssl-static-2.0.61.Final-linux-aarch_64.jar;C:\Users\Pedro\.m2\repository\io\netty\netty-tcnative-boringssl-static\2.0.61.Final\netty-tcnative-boringssl-static-2.0.61.Final-osx-x86_64.jar;C:\Users\Pedro\.m2\repository\io\netty\netty-tcnative-boringssl-static\2.0.61.Final\netty-tcnative-boringssl-static-2.0.61.Final-osx-aarch_64.jar;C:\Users\Pedro\.m2\repository\io\netty\netty-tcnative-boringssl-static\2.0.61.Final\netty-tcnative-boringssl-static-2.0.61.Final-windows-x86_64.jar;C:\Users\Pedro\.m2\repository\com\aayushatharva\brotli4j\brotli4j\1.11.0\brotli4j-1.11.0.jar;C:\Users\Pedro\.m2\repository\com\aayushatharva\brotli4j\service\1.11.0\service-1.11.0.jar;C:\Users\Pedro\.m2\repository\com\aayushatharva\brotli4j\native-linux-x86_64\1.11.0\native-linux-x86_64-1.11.0.jar;C:\Users\Pedro\.m2\repository\com\aayushatharva\brotli4j\native-linux-aarch64\1.11.0\native-linux-aarch64-1.11.0.jar;C:\Users\Pedro\.m2\repository\com\aayushatharva\brotli4j\native-osx-x86_64\1.11.0\native-osx-x86_64-1.11.0.jar;C:\Users\Pedro\.m2\repository\com\aayushatharva\brotli4j\native-osx-aarch64\1.11.0\native-osx-aarch64-1.11.0.jar;C:\Users\Pedro\.m2\repository\com\aayushatharva\brotli4j\native-windows-x86_64\1.11.0\native-windows-x86_64-1.11.0.jar;C:\Users\Pedro\.m2\repository\io\gatling\gatling-test-framework\3.9.5\gatling-test-framework-3.9.5.jar;C:\Users\Pedro\.m2\repository\io\gatling\gatling-app\3.9.5\gatling-app-3.9.5.jar;C:\Users\Pedro\.m2\repository\io\gatling\gatling-http-java\3.9.5\gatling-http-java-3.9.5.jar;C:\Users\Pedro\.m2\repository\io\gatling\gatling-jms\3.9.5\gatling-jms-3.9.5.jar;C:\Users\Pedro\.m2\repository\javax\jms\javax.jms-api\2.0.1\javax.jms-api-2.0.1.jar;C:\Users\Pedro\.m2\repository\com\eatthepath\fast-uuid\0.2.0\fast-uuid-0.2.0.jar;C:\Users\Pedro\.m2\repository\io\gatling\gatling-jms-java\3.9.5\gatling-jms-java-3.9.5.jar;C:\Users\Pedro\.m2\repository\io\gatling\gatling-mqtt\3.9.5\gatling-mqtt-3.9.5.jar;C:\Users\Pedro\.m2\repository\io\netty\netty-codec-mqtt\4.1.107.Final\netty-codec-mqtt-4.1.107.Final.jar;C:\Users\Pedro\.m2\repository\io\gatling\gatling-mqtt-java\3.9.5\gatling-mqtt-java-3.9.5.jar;C:\Users\Pedro\.m2\repository\io\gatling\gatling-jdbc\3.9.5\gatling-jdbc-3.9.5.jar;C:\Users\Pedro\.m2\repository\io\gatling\gatling-jdbc-java\3.9.5\gatling-jdbc-java-3.9.5.jar;C:\Users\Pedro\.m2\repository\io\gatling\gatling-redis\3.9.5\gatling-redis-3.9.5.jar;C:\Users\Pedro\.m2\repository\net\debasishg\redisclient_2.13\3.42\redisclient_2.13-3.42.jar;C:\Users\Pedro\.m2\repository\org\apache\commons\commons-pool2\2.12.0\commons-pool2-2.12.0.jar;C:\Users\Pedro\.m2\repository\io\gatling\gatling-redis-java\3.9.5\gatling-redis-java-3.9.5.jar;C:\Users\Pedro\.m2\repository\io\gatling\gatling-graphite\3.9.5\gatling-graphite-3.9.5.jar;C:\Users\Pedro\.m2\repository\org\hdrhistogram\HdrHistogram\2.1.12\HdrHistogram-2.1.12.jar;C:\Users\Pedro\.m2\repository\org\scala-sbt\test-interface\1.0\test-interface-1.0.jar;C:\Users\Pedro\.m2\repository\io\gatling\gatling-core-java\3.9.5\gatling-core-java-3.9.5.jar;C:\Users\Pedro\.m2\repository\net\jodah\typetools\0.6.3\typetools-0.6.3.jar;C:\Users\Pedro\.m2\repository\com\google\code\findbugs\jsr305\3.0.2\jsr305-3.0.2.jar;C:\Users\Pedro\.m2\repository\io\gatling\gatling-charts\3.9.5\gatling-charts-3.9.5.jar;C:\Users\Pedro\.m2\repository\com\tdunning\t-digest\3.1\t-digest-3.1.jar;"/>
    <property name="java.vm.vendor" value="Oracle Corporation"/>
    <property name="sun.arch.data.model" value="64"/>
    <property name="user.variant" value=""/>
    <property name="java.vendor.url" value="https://java.oracle.com/"/>
    <property name="user.timezone" value="America/Sao_Paulo"/>
    <property name="os.name" value="Windows 11"/>
    <property name="java.vm.specification.version" value="23"/>
    <property name="sun.java.launcher" value="SUN_STANDARD"/>
    <property name="user.country" value="BR"/>
    <property name="sun.boot.library.path" value="C:\Users\Pedro\.jdks\valhalla-ea-23-valhalla+1-90\bin"/>
    <property name="sun.java.command" value="C:\Users\Pedro\AppData\Local\Temp\surefire12425174051547335572\surefirebooter-20250822001329302_3.jar C:\Users\Pedro\AppData\Local\Temp\surefire12425174051547335572 2025-08-22T00-13-29_161-jvmRun1 surefire-20250822001329302_1tmp surefire_0-20250822001329302_2tmp"/>
    <property name="jdk.debug" value="release"/>
    <property name="surefire.test.class.path" value="C:\Users\Pedro\IdeaProjects\Dungeon-Game-Java\target\test-classes;C:\Users\Pedro\IdeaProjects\Dungeon-Game-Java\target\classes;C:\Users\Pedro\.m2\repository\org\springframework\boot\spring-boot-starter-web\3.2.3\spring-boot-starter-web-3.2.3.jar;C:\Users\Pedro\.m2\repository\org\springframework\boot\spring-boot-starter\3.2.3\spring-boot-starter-3.2.3.jar;C:\Users\Pedro\.m2\repository\org\springframework\boot\spring-boot\3.2.3\spring-boot-3.2.3.jar;C:\Users\Pedro\.m2\repository\org\springframework\boot\spring-boot-autoconfigure\3.2.3\spring-boot-autoconfigure-3.2.3.jar;C:\Users\Pedro\.m2\repository\org\springframework\boot\spring-boot-starter-logging\3.2.3\spring-boot-starter-logging-3.2.3.jar;C:\Users\Pedro\.m2\repository\org\apache\logging\log4j\log4j-to-slf4j\2.21.1\log4j-to-slf4j-2.21.1.jar;C:\Users\Pedro\.m2\repository\org\apache\logging\log4j\log4j-api\2.21.1\log4j-api-2.21.1.jar;C:\Users\Pedro\.m2\repository\org\slf4j\jul-to-slf4j\2.0.12\jul-to-slf4j-2.0.12.jar;C:\Users\Pedro\.m2\repository\jakarta\annotation\jakarta.annotation-api\2.1.1\jakarta.annotation-api-2.1.1.jar;C:\Users\Pedro\.m2\repository\org\yaml\snakeyaml\2.2\snakeyaml-2.2.jar;C:\Users\Pedro\.m2\repository\org\springframework\boot\spring-boot-starter-json\3.2.3\spring-boot-starter-json-3.2.3.jar;C:\Users\Pedro\.m2\repository\com\fasterxml\jackson\datatype\jackson-datatype-jdk8\2.15.4\jackson-datatype-jdk8-2.15.4.jar;C:\Users\Pedro\.m2\repository\com\fasterxml\jackson\datatype\jackson-datatype-jsr310\2.15.4\jackson-datatype-jsr310-2.15.4.jar;C:\Users\Pedro\.m2\repository\com\fasterxml\jackson\module\jackson-module-parameter-names\2.15.4\jackson-module-parameter-names-2.15.4.jar;C:\Users\Pedro\.m2\repository\org\springframework\boot\spring-boot-starter-tomcat\3.2.3\spring-boot-starter-tomcat-3.2.3.jar;C:\Users\Pedro\.m2\repository\org\apache\tomcat\embed\tomcat-embed-core\10.1.19\tomcat-embed-core-10.1.19.jar;C:\Users\Pedro\.m2\repository\org\apache\tomcat\embed\tomcat-embed-el\10.1.19\tomcat-embed-el-10.1.19.jar;C:\Users\Pedro\.m2\repository\org\apache\tomcat\embed\tomcat-embed-websocket\10.1.19\tomcat-embed-websocket-10.1.19.jar;C:\Users\Pedro\.m2\repository\org\springframework\spring-web\6.1.4\spring-web-6.1.4.jar;C:\Users\Pedro\.m2\repository\org\springframework\spring-beans\6.1.4\spring-beans-6.1.4.jar;C:\Users\Pedro\.m2\repository\io\micrometer\micrometer-observation\1.12.3\micrometer-observation-1.12.3.jar;C:\Users\Pedro\.m2\repository\io\micrometer\micrometer-commons\1.12.3\micrometer-commons-1.12.3.jar;C:\Users\Pedro\.m2\repository\org\springframework\spring-webmvc\6.1.4\spring-webmvc-6.1.4.jar;C:\Users\Pedro\.m2\repository\org\springframework\spring-aop\6.1.4\spring-aop-6.1.4.jar;C:\Users\Pedro\.m2\repository\org\springframework\spring-context\6.1.4\spring-context-6.1.4.jar;C:\Users\Pedro\.m2\repository\org\springframework\spring-expression\6.1.4\spring-expression-6.1.4.jar;C:\Users\Pedro\.m2\repository\org\springframework\boot\spring-boot-starter-data-jpa\3.2.3\spring-boot-starter-data-jpa-3.2.3.jar;C:\Users\Pedro\.m2\repository\org\springframework\boot\spring-boot-starter-aop\3.2.3\spring-boot-starter-aop-3.2.3.jar;C:\Users\Pedro\.m2\repository\org\aspectj\aspectjweaver\1.9.21\aspectjweaver-1.9.21.jar;C:\Users\Pedro\.m2\repository\org\springframework\boot\spring-boot-starter-jdbc\3.2.3\spring-boot-starter-jdbc-3.2.3.jar;C:\Users\Pedro\.m2\repository\com\zaxxer\HikariCP\5.0.1\HikariCP-5.0.1.jar;C:\Users\Pedro\.m2\repository\org\springframework\spring-jdbc\6.1.4\spring-jdbc-6.1.4.jar;C:\Users\Pedro\.m2\repository\org\hibernate\orm\hibernate-core\6.4.4.Final\hibernate-core-6.4.4.Final.jar;C:\Users\Pedro\.m2\repository\jakarta\persistence\jakarta.persistence-api\3.1.0\jakarta.persistence-api-3.1.0.jar;C:\Users\Pedro\.m2\repository\jakarta\transaction\jakarta.transaction-api\2.0.1\jakarta.transaction-api-2.0.1.jar;C:\Users\Pedro\.m2\repository\org\jboss\logging\jboss-logging\3.5.3.Final\jboss-logging-3.5.3.Final.jar;C:\Users\Pedro\.m2\repository\org\hibernate\common\hibernate-commons-annotations\6.0.6.Final\hibernate-commons-annotations-6.0.6.Final.jar;C:\Users\Pedro\.m2\repository\io\smallrye\jandex\3.1.2\jandex-3.1.2.jar;C:\Users\Pedro\.m2\repository\com\fasterxml\classmate\1.6.0\classmate-1.6.0.jar;C:\Users\Pedro\.m2\repository\net\bytebuddy\byte-buddy\1.14.12\byte-buddy-1.14.12.jar;C:\Users\Pedro\.m2\repository\org\glassfish\jaxb\jaxb-runtime\4.0.4\jaxb-runtime-4.0.4.jar;C:\Users\Pedro\.m2\repository\org\glassfish\jaxb\jaxb-core\4.0.4\jaxb-core-4.0.4.jar;C:\Users\Pedro\.m2\repository\org\eclipse\angus\angus-activation\2.0.1\angus-activation-2.0.1.jar;C:\Users\Pedro\.m2\repository\org\glassfish\jaxb\txw2\4.0.4\txw2-4.0.4.jar;C:\Users\Pedro\.m2\repository\com\sun\istack\istack-commons-runtime\4.1.2\istack-commons-runtime-4.1.2.jar;C:\Users\Pedro\.m2\repository\jakarta\inject\jakarta.inject-api\2.0.1\jakarta.inject-api-2.0.1.jar;C:\Users\Pedro\.m2\repository\org\antlr\antlr4-runtime\4.13.0\antlr4-runtime-4.13.0.jar;C:\Users\Pedro\.m2\repository\org\springframework\data\spring-data-jpa\3.2.3\spring-data-jpa-3.2.3.jar;C:\Users\Pedro\.m2\repository\org\springframework\data\spring-data-commons\3.2.3\spring-data-commons-3.2.3.jar;C:\Users\Pedro\.m2\repository\org\springframework\spring-orm\6.1.4\spring-orm-6.1.4.jar;C:\Users\Pedro\.m2\repository\org\springframework\spring-tx\6.1.4\spring-tx-6.1.4.jar;C:\Users\Pedro\.m2\repository\org\slf4j\slf4j-api\2.0.12\slf4j-api-2.0.12.jar;C:\Users\Pedro\.m2\repository\org\springframework\spring-aspects\6.1.4\spring-aspects-6.1.4.jar;C:\Users\Pedro\.m2\repository\org\postgresql\postgresql\42.7.3\postgresql-42.7.3.jar;C:\Users\Pedro\.m2\repository\org\checkerframework\checker-qual\3.42.0\checker-qual-3.42.0.jar;C:\Users\Pedro\.m2\repository\org\projectlombok\lombok\1.18.30\lombok-1.18.30.jar;C:\Users\Pedro\.m2\repository\org\springframework\boot\spring-boot-starter-test\3.2.3\spring-boot-starter-test-3.2.3.jar;C:\Users\Pedro\.m2\repository\org\springframework\boot\spring-boot-test\3.2.3\spring-boot-test-3.2.3.jar;C:\Users\Pedro\.m2\repository\org\springframework\boot\spring-boot-test-autoconfigure\3.2.3\spring-boot-test-autoconfigure-3.2.3.jar;C:\Users\Pedro\.m2\repository\com\jayway\jsonpath\json-path\2.9.0\json-path-2.9.0.jar;C:\Users\Pedro\.m2\repository\jakarta\xml\bind\jakarta.xml.bind-api\4.0.1\jakarta.xml.bind-api-4.0.1.jar;C:\Users\Pedro\.m2\repository\jakarta\activation\jakarta.activation-api\2.1.2\jakarta.activation-api-2.1.2.jar;C:\Users\Pedro\.m2\repository\net\minidev\json-smart\2.5.0\json-smart-2.5.0.jar;C:\Users\Pedro\.m2\repository\net\minidev\accessors-smart\2.5.0\accessors-smart-2.5.0.jar;C:\Users\Pedro\.m2\repository\org\ow2\asm\asm\9.3\asm-9.3.jar;C:\Users\Pedro\.m2\repository\org\assertj\assertj-core\3.24.2\assertj-core-3.24.2.jar;C:\Users\Pedro\.m2\repository\org\awaitility\awaitility\4.2.0\awaitility-4.2.0.jar;C:\Users\Pedro\.m2\repository\org\hamcrest\hamcrest\2.2\hamcrest-2.2.jar;C:\Users\Pedro\.m2\repository\org\junit\jupiter\junit-jupiter\5.10.2\junit-jupiter-5.10.2.jar;C:\Users\Pedro\.m2\repository\org\junit\jupiter\junit-jupiter-api\5.10.2\junit-jupiter-api-5.10.2.jar;C:\Users\Pedro\.m2\repository\org\opentest4j\opentest4j\1.3.0\opentest4j-1.3.0.jar;C:\Users\Pedro\.m2\repository\org\junit\platform\junit-platform-commons\1.10.2\junit-platform-commons-1.10.2.jar;C:\Users\Pedro\.m2\repository\org\apiguardian\apiguardian-api\1.1.2\apiguardian-api-1.1.2.jar;C:\Users\Pedro\.m2\repository\org\junit\jupiter\junit-jupiter-params\5.10.2\junit-jupiter-params-5.10.2.jar;C:\Users\Pedro\.m2\repository\org\junit\jupiter\junit-jupiter-engine\5.10.2\junit-jupiter-engine-5.10.2.jar;C:\Users\Pedro\.m2\repository\org\junit\platform\junit-platform-engine\1.10.2\junit-platform-engine-1.10.2.jar;C:\Users\Pedro\.m2\repository\org\mockito\mockito-core\5.7.0\mockito-core-5.7.0.jar;C:\Users\Pedro\.m2\repository\net\bytebuddy\byte-buddy-agent\1.14.12\byte-buddy-agent-1.14.12.jar;C:\Users\Pedro\.m2\repository\org\objenesis\objenesis\3.3\objenesis-3.3.jar;C:\Users\Pedro\.m2\repository\org\mockito\mockito-junit-jupiter\5.7.0\mockito-junit-jupiter-5.7.0.jar;C:\Users\Pedro\.m2\repository\org\skyscreamer\jsonassert\1.5.1\jsonassert-1.5.1.jar;C:\Users\Pedro\.m2\repository\com\vaadin\external\google\android-json\0.0.20131108.vaadin1\android-json-0.0.20131108.vaadin1.jar;C:\Users\Pedro\.m2\repository\org\springframework\spring-core\6.1.4\spring-core-6.1.4.jar;C:\Users\Pedro\.m2\repository\org\springframework\spring-jcl\6.1.4\spring-jcl-6.1.4.jar;C:\Users\Pedro\.m2\repository\org\springframework\spring-test\6.1.4\spring-test-6.1.4.jar;C:\Users\Pedro\.m2\repository\org\xmlunit\xmlunit-core\2.9.1\xmlunit-core-2.9.1.jar;C:\Users\Pedro\.m2\repository\com\fasterxml\jackson\core\jackson-databind\2.15.4\jackson-databind-2.15.4.jar;C:\Users\Pedro\.m2\repository\com\fasterxml\jackson\core\jackson-annotations\2.15.4\jackson-annotations-2.15.4.jar;C:\Users\Pedro\.m2\repository\com\fasterxml\jackson\core\jackson-core\2.15.4\jackson-core-2.15.4.jar;C:\Users\Pedro\.m2\repository\io\gatling\gatling-core\3.9.5\gatling-core-3.9.5.jar;C:\Users\Pedro\.m2\repository\org\scala-lang\scala-library\2.13.10\scala-library-2.13.10.jar;C:\Users\Pedro\.m2\repository\io\gatling\gatling-netty-util\3.9.5\gatling-netty-util-3.9.5.jar;C:\Users\Pedro\.m2\repository\io\gatling\gatling-jdk-util\3.9.5\gatling-jdk-util-3.9.5.jar;C:\Users\Pedro\.m2\repository\io\netty\netty-buffer\4.1.107.Final\netty-buffer-4.1.107.Final.jar;C:\Users\Pedro\.m2\repository\io\netty\netty-transport-native-epoll\4.1.107.Final\netty-transport-native-epoll-4.1.107.Final-linux-x86_64.jar;C:\Users\Pedro\.m2\repository\io\netty\netty-transport-classes-epoll\4.1.107.Final\netty-transport-classes-epoll-4.1.107.Final.jar;C:\Users\Pedro\.m2\repository\io\netty\netty-transport-native-epoll\4.1.107.Final\netty-transport-native-epoll-4.1.107.Final-linux-aarch_64.jar;C:\Users\Pedro\.m2\repository\io\netty\incubator\netty-incubator-transport-native-io_uring\0.0.21.Final\netty-incubator-transport-native-io_uring-0.0.21.Final-linux-x86_64.jar;C:\Users\Pedro\.m2\repository\io\netty\incubator\netty-incubator-transport-classes-io_uring\0.0.21.Final\netty-incubator-transport-classes-io_uring-0.0.21.Final.jar;C:\Users\Pedro\.m2\repository\io\netty\incubator\netty-incubator-transport-native-io_uring\0.0.21.Final\netty-incubator-transport-native-io_uring-0.0.21.Final-linux-aarch_64.jar;C:\Users\Pedro\.m2\repository\io\gatling\gatling-commons\3.9.5\gatling-commons-3.9.5.jar;C:\Users\Pedro\.m2\repository\io\gatling\gatling-commons-shared\3.9.5\gatling-commons-shared-3.9.5.jar;C:\Users\Pedro\.m2\repository\org\scala-lang\scala-reflect\2.13.10\scala-reflect-2.13.10.jar;C:\Users\Pedro\.m2\repository\io\suzaku\boopickle_2.13\1.3.3\boopickle_2.13-1.3.3.jar;C:\Users\Pedro\.m2\repository\io\gatling\gatling-commons-shared-unstable\3.9.5\gatling-commons-shared-unstable-3.9.5.jar;C:\Users\Pedro\.m2\repository\com\typesafe\config\1.4.2\config-1.4.2.jar;C:\Users\Pedro\.m2\repository\org\typelevel\spire-macros_2.13\0.17.0\spire-macros_2.13-0.17.0.jar;C:\Users\Pedro\.m2\repository\com\typesafe\scala-logging\scala-logging_2.13\3.9.5\scala-logging_2.13-3.9.5.jar;C:\Users\Pedro\.m2\repository\ch\qos\logback\logback-classic\1.4.14\logback-classic-1.4.14.jar;C:\Users\Pedro\.m2\repository\ch\qos\logback\logback-core\1.4.14\logback-core-1.4.14.jar;C:\Users\Pedro\.m2\repository\io\gatling\gatling-jsonpath\3.9.5\gatling-jsonpath-3.9.5.jar;C:\Users\Pedro\.m2\repository\com\typesafe\akka\akka-actor_2.13\2.6.20\akka-actor_2.13-2.6.20.jar;C:\Users\Pedro\.m2\repository\org\scala-lang\modules\scala-java8-compat_2.13\1.0.0\scala-java8-compat_2.13-1.0.0.jar;C:\Users\Pedro\.m2\repository\com\typesafe\akka\akka-slf4j_2.13\2.6.20\akka-slf4j_2.13-2.6.20.jar;C:\Users\Pedro\.m2\repository\org\simpleflatmapper\lightning-csv\8.2.3\lightning-csv-8.2.3.jar;C:\Users\Pedro\.m2\repository\org\simpleflatmapper\sfm-util\8.2.3\sfm-util-8.2.3.jar;C:\Users\Pedro\.m2\repository\com\github\ben-manes\caffeine\caffeine\3.1.8\caffeine-3.1.8.jar;C:\Users\Pedro\.m2\repository\com\google\errorprone\error_prone_annotations\2.21.1\error_prone_annotations-2.21.1.jar;C:\Users\Pedro\.m2\repository\io\pebbletemplates\pebble\3.2.1\pebble-3.2.1.jar;C:\Users\Pedro\.m2\repository\org\unbescape\unbescape\1.1.6.RELEASE\unbescape-1.1.6.RELEASE.jar;C:\Users\Pedro\.m2\repository\org\scala-lang\modules\scala-parser-combinators_2.13\2.3.0\scala-parser-combinators_2.13-2.3.0.jar;C:\Users\Pedro\.m2\repository\com\github\scopt\scopt_2.13\3.7.1\scopt_2.13-3.7.1.jar;C:\Users\Pedro\.m2\repository\io\netty\netty-handler\4.1.107.Final\netty-handler-4.1.107.Final.jar;C:\Users\Pedro\.m2\repository\io\netty\netty-common\4.1.107.Final\netty-common-4.1.107.Final.jar;C:\Users\Pedro\.m2\repository\io\netty\netty-resolver\4.1.107.Final\netty-resolver-4.1.107.Final.jar;C:\Users\Pedro\.m2\repository\io\netty\netty-transport\4.1.107.Final\netty-transport-4.1.107.Final.jar;C:\Users\Pedro\.m2\repository\io\netty\netty-transport-native-unix-common\4.1.107.Final\netty-transport-native-unix-common-4.1.107.Final.jar;C:\Users\Pedro\.m2\repository\io\netty\netty-codec\4.1.107.Final\netty-codec-4.1.107.Final.jar;C:\Users\Pedro\.m2\repository\io\netty\netty-tcnative-classes\2.0.61.Final\netty-tcnative-classes-2.0.61.Final.jar;C:\Users\Pedro\.m2\repository\com\softwaremill\quicklens\quicklens_2.13\1.9.3\quicklens_2.13-1.9.3.jar;C:\Users\Pedro\.m2\repository\net\sf\saxon\Saxon-HE\10.6\Saxon-HE-10.6.jar;C:\Users\Pedro\.m2\repository\org\jodd\jodd-lagarto\6.0.6\jodd-lagarto-6.0.6.jar;C:\Users\Pedro\.m2\repository\org\jodd\jodd-util\6.1.0\jodd-util-6.1.0.jar;C:\Users\Pedro\.m2\repository\io\burt\jmespath-jackson\0.5.1\jmespath-jackson-0.5.1.jar;C:\Users\Pedro\.m2\repository\io\burt\jmespath-core\0.5.1\jmespath-core-0.5.1.jar;C:\Users\Pedro\.m2\repository\io\gatling\gatling-http\3.9.5\gatling-http-3.9.5.jar;C:\Users\Pedro\.m2\repository\io\gatling\gatling-http-client\3.9.5\gatling-http-client-3.9.5.jar;C:\Users\Pedro\.m2\repository\io\netty\netty-codec-http\4.1.107.Final\netty-codec-http-4.1.107.Final.jar;C:\Users\Pedro\.m2\repository\io\netty\netty-handler-proxy\4.1.107.Final\netty-handler-proxy-4.1.107.Final.jar;C:\Users\Pedro\.m2\repository\io\netty\netty-codec-socks\4.1.107.Final\netty-codec-socks-4.1.107.Final.jar;C:\Users\Pedro\.m2\repository\io\netty\netty-resolver-dns\4.1.107.Final\netty-resolver-dns-4.1.107.Final.jar;C:\Users\Pedro\.m2\repository\io\netty\netty-codec-dns\4.1.107.Final\netty-codec-dns-4.1.107.Final.jar;C:\Users\Pedro\.m2\repository\io\netty\netty-codec-http2\4.1.107.Final\netty-codec-http2-4.1.107.Final.jar;C:\Users\Pedro\.m2\repository\io\netty\netty-resolver-dns-native-macos\4.1.107.Final\netty-resolver-dns-native-macos-4.1.107.Final-osx-x86_64.jar;C:\Users\Pedro\.m2\repository\io\netty\netty-resolver-dns-classes-macos\4.1.107.Final\netty-resolver-dns-classes-macos-4.1.107.Final.jar;C:\Users\Pedro\.m2\repository\io\netty\netty-resolver-dns-native-macos\4.1.107.Final\netty-resolver-dns-native-macos-4.1.107.Final-osx-aarch_64.jar;C:\Users\Pedro\.m2\repository\io\netty\netty-tcnative-boringssl-static\2.0.61.Final\netty-tcnative-boringssl-static-2.0.61.Final.jar;C:\Users\Pedro\.m2\repository\io\netty\netty-tcnative-boringssl-static\2.0.61.Final\netty-tcnative-boringssl-static-2.0.61.Final-linux-x86_64.jar;C:\Users\Pedro\.m2\repository\io\netty\netty-tcnative-boringssl-static\2.0.61.Final\netty-tcnative-boringssl-static-2.0.61.Final-linux-aarch_64.jar;C:\Users\Pedro\.m2\repository\io\netty\netty-tcnative-boringssl-static\2.0.61.Final\netty-tcnative-boringssl-static-2.0.61.Final-osx-x86_64.jar;C:\Users\Pedro\.m2\repository\io\netty\netty-tcnative-boringssl-static\2.0.61.Final\netty-tcnative-boringssl-static-2.0.61.Final-osx-aarch_64.jar;C:\Users\Pedro\.m2\repository\io\netty\netty-tcnative-boringssl-static\2.0.61.Final\netty-tcnative-boringssl-static-2.0.61.Final-windows-x86_64.jar;C:\Users\Pedro\.m2\repository\com\aayushatharva\brotli4j\brotli4j\1.11.0\brotli4j-1.11.0.jar;C:\Users\Pedro\.m2\repository\com\aayushatharva\brotli4j\service\1.11.0\service-1.11.0.jar;C:\Users\Pedro\.m2\repository\com\aayushatharva\brotli4j\native-linux-x86_64\1.11.0\native-linux-x86_64-1.11.0.jar;C:\Users\Pedro\.m2\repository\com\aayushatharva\brotli4j\native-linux-aarch64\1.11.0\native-linux-aarch64-1.11.0.jar;C:\Users\Pedro\.m2\repository\com\aayushatharva\brotli4j\native-osx-x86_64\1.11.0\native-osx-x86_64-1.11.0.jar;C:\Users\Pedro\.m2\repository\com\aayushatharva\brotli4j\native-osx-aarch64\1.11.0\native-osx-aarch64-1.11.0.jar;C:\Users\Pedro\.m2\repository\com\aayushatharva\brotli4j\native-windows-x86_64\1.11.0\native-windows-x86_64-1.11.0.jar;C:\Users\Pedro\.m2\repository\io\gatling\gatling-test-framework\3.9.5\gatling-test-framework-3.9.5.jar;C:\Users\Pedro\.m2\repository\io\gatling\gatling-app\3.9.5\gatling-app-3.9.5.jar;C:\Users\Pedro\.m2\repository\io\gatling\gatling-http-java\3.9.5\gatling-http-java-3.9.5.jar;C:\Users\Pedro\.m2\repository\io\gatling\gatling-jms\3.9.5\gatling-jms-3.9.5.jar;C:\Users\Pedro\.m2\repository\javax\jms\javax.jms-api\2.0.1\javax.jms-api-2.0.1.jar;C:\Users\Pedro\.m2\repository\com\eatthepath\fast-uuid\0.2.0\fast-uuid-0.2.0.jar;C:\Users\Pedro\.m2\repository\io\gatling\gatling-jms-java\3.9.5\gatling-jms-java-3.9.5.jar;C:\Users\Pedro\.m2\repository\io\gatling\gatling-mqtt\3.9.5\gatling-mqtt-3.9.5.jar;C:\Users\Pedro\.m2\repository\io\netty\netty-codec-mqtt\4.1.107.Final\netty-codec-mqtt-4.1.107.Final.jar;C:\Users\Pedro\.m2\repository\io\gatling\gatling-mqtt-java\3.9.5\gatling-mqtt-java-3.9.5.jar;C:\Users\Pedro\.m2\repository\io\gatling\gatling-jdbc\3.9.5\gatling-jdbc-3.9.5.jar;C:\Users\Pedro\.m2\repository\io\gatling\gatling-jdbc-java\3.9.5\gatling-jdbc-java-3.9.5.jar;C:\Users\Pedro\.m2\repository\io\gatling\gatling-redis\3.9.5\gatling-redis-3.9.5.jar;C:\Users\Pedro\.m2\repository\net\debasishg\redisclient_2.13\3.42\redisclient_2.13-3.42.jar;C:\Users\Pedro\.m2\repository\org\apache\commons\commons-pool2\2.12.0\commons-pool2-2.12.0.jar;C:\Users\Pedro\.m2\repository\io\gatling\gatling-redis-java\3.9.5\gatling-redis-java-3.9.5.jar;C:\Users\Pedro\.m2\repository\io\gatling\gatling-graphite\3.9.5\gatling-graphite-3.9.5.jar;C:\Users\Pedro\.m2\repository\org\hdrhistogram\HdrHistogram\2.1.12\HdrHistogram-2.1.12.jar;C:\Users\Pedro\.m2\repository\org\scala-sbt\test-interface\1.0\test-interface-1.0.jar;C:\Users\Pedro\.m2\repository\io\gatling\gatling-core-java\3.9.5\gatling-core-java-3.9.5.jar;C:\Users\Pedro\.m2\repository\net\jodah\typetools\0.6.3\typetools-0.6.3.jar;C:\Users\Pedro\.m2\repository\com\google\code\findbugs\jsr305\3.0.2\jsr305-3.0.2.jar;C:\Users\Pedro\.m2\repository\io\gatling\gatling-charts\3.9.5\gatling-charts-3.9.5.jar;C:\Users\Pedro\.m2\repository\com\tdunning\t-digest\3.1\t-digest-3.1.jar;"/>
    <property name="sun.cpu.endian" value="little"/>
    <property name="user.home" value="C:\Users\Pedro"/>
    <property name="user.language" value="pt"/>
    <property name="java.specification.vendor" value="Oracle Corporation"/>
    <property name="java.version.date" value="2024-09-17"/>
    <property name="java.home" value="C:\Users\Pedro\.jdks\valhalla-ea-23-valhalla+1-90"/>
    <property name="file.separator" value="\"/>
    <property name="basedir" value="C:\Users\Pedro\IdeaProjects\Dungeon-Game-Java"/>
    <property name="java.vm.compressedOopsMode" value="Zero based"/>
    <property name="line.separator" value="&#10;"/>
    <property name="java.vm.specification.vendor" value="Oracle Corporation"/>
    <property name="java.specification.name" value="Java Platform API Specification"/>
    <property name="surefire.real.class.path" value="C:\Users\Pedro\AppData\Local\Temp\surefire12425174051547335572\surefirebooter-20250822001329302_3.jar"/>
    <property name="user.script" value=""/>
    <property name="sun.management.compiler" value="HotSpot 64-Bit Tiered Compilers"/>
    <property name="java.runtime.version" value="23-valhalla+1-90"/>
    <property name="user.name" value="Pedro"/>
    <property name="stdout.encoding" value="Cp1252"/>
    <property name="path.separator" value=";"/>
    <property name="os.version" value="10.0"/>
    <property name="java.runtime.name" value="OpenJDK Runtime Environment"/>
    <property name="file.encoding" value="UTF-8"/>
    <property name="java.vm.name" value="OpenJDK 64-Bit Server VM"/>
    <property name="localRepository" value="C:\Users\Pedro\.m2\repository"/>
    <property name="java.vendor.url.bug" value="https://bugreport.java.com/bugreport/"/>
    <property name="java.io.tmpdir" value="C:\Users\Pedro\AppData\Local\Temp\"/>
    <property name="idea.version" value="2025.1.4.1"/>
    <property name="java.version" value="23-valhalla"/>
    <property name="user.dir" value="C:\Users\Pedro\IdeaProjects\Dungeon-Game-Java"/>
    <property name="os.arch" value="amd64"/>
    <property name="java.vm.specification.name" value="Java Virtual Machine Specification"/>
    <property name="sun.os.patch.level" value=""/>
    <property name="native.encoding" value="Cp1252"/>
    <property name="java.library.path" value="C:\Users\Pedro\.jdks\valhalla-ea-23-valhalla+1-90\bin;C:\WINDOWS\Sun\Java\bin;C:\WINDOWS\system32;C:\WINDOWS;C:\Program Files\Common Files\Oracle\Java\javapath;C:\Program Files (x86)\Common Files\Oracle\Java\java8path;C:\Program Files (x86)\Common Files\Oracle\Java\javapath;C:\Windows\system32;C:\Windows;C:\Windows\System32\Wbem;C:\Windows\System32\WindowsPowerShell\v1.0\;C:\Windows\System32\OpenSSH\;C:\Program Files (x86)\NVIDIA Corporation\PhysX\Common;C:\Program Files\NVIDIA Corporation\NVIDIA NvDLISR;C:\Program Files\dotnet\;C:\WINDOWS\system32;C:\WINDOWS;C:\WINDOWS\System32\Wbem;C:\WINDOWS\System32\WindowsPowerShell\v1.0\;C:\WINDOWS\System32\OpenSSH\;C:\Program Files\Git\cmd;C:\Program Files\Go\bin;C:\Program Files\nodejs\;C:\Users\Pedro\AppData\Local\Microsoft\WindowsApps;C:\Users\Pedro\AppData\Local\GitHubDesktop\bin;C:\Users\Pedro\AppData\Local\Programs\Microsoft VS Code\bin;C:\Users\Pedro\go\bin;C:\Users\Pedro\AppData\Roaming\npm;."/>
    <property name="java.vm.info" value="mixed mode, sharing"/>
    <property name="stderr.encoding" value="Cp1252"/>
    <property name="java.vendor" value="Oracle Corporation"/>
    <property name="java.vm.version" value="23-valhalla+1-90"/>
    <property name="sun.io.unicode.encoding" value="UnicodeLittle"/>
    <property name="java.class.version" value="67.0"/>
  </properties>
  <testcase name="testComplexDungeon" classname="com.pedrohk.Dungeon_Game_Java.DungeonGameSolverTest" time="0.035"/>
  <testcase name="testSingleCellPositive" classname="com.pedrohk.Dungeon_Game_Java.DungeonGameSolverTest" time="0.002"/>
  <testcase name="testSingleCellNegative" classname="com.pedrohk.Dungeon_Game_Java.DungeonGameSolverTest" time="0.002"/>
  <testcase name="testZeroValue" classname="com.pedrohk.Dungeon_Game_Java.DungeonGameSolverTest" time="0.001"/>
  <testcase name="testLargeNegativeValues" classname="com.pedrohk.Dungeon_Game_Java.DungeonGameSolverTest" time="0.001"/>
  <testcase name="testAllNegativeValues" classname="com.pedrohk.Dungeon_Game_Java.DungeonGameSolverTest" time="0.001"/>
  <testcase name="testExampleCase" classname="com.pedrohk.Dungeon_Game_Java.DungeonGameSolverTest" time="0.001"/>
  <testcase name="testAllPositiveValues" classname="com.pedrohk.Dungeon_Game_Java.DungeonGameSolverTest" time="0.001"/>
</testsuite>